<?xml version="1.0" encoding="UTF-8"?>
<testng-results ignored="0" total="2" passed="2" failed="0" skipped="0">
  <reporter-output>
  </reporter-output>
  <suite started-at="2022-04-18T10:04:54Z" name="Default suite" finished-at="2022-04-18T10:05:22Z" duration-ms="28095">
    <groups>
      <group name="cucumber">
        <method signature="AbstractTestNGCucumberTests.runScenario(io.cucumber.testng.PickleWrapper, io.cucumber.testng.FeatureWrapper)[pri:0, instance:Stepdefinition.Testrunner@149c3204]" name="runScenario" class="io.cucumber.testng.AbstractTestNGCucumberTests"/>
      </group> <!-- cucumber -->
    </groups>
    <test started-at="2022-04-18T10:04:54Z" name="Default test" finished-at="2022-04-18T10:05:22Z" duration-ms="28095">
      <class name="Stepdefinition.Testrunner">
        <test-method is-config="true" signature="setUpClass()[pri:0, instance:Stepdefinition.Testrunner@149c3204]" started-at="2022-04-18T10:04:54Z" name="setUpClass" finished-at="2022-04-18T10:04:55Z" duration-ms="387" status="PASS">
          <reporter-output>
          </reporter-output>
        </test-method> <!-- setUpClass -->
        <test-method signature="runScenario(io.cucumber.testng.PickleWrapper, io.cucumber.testng.FeatureWrapper)[pri:0, instance:Stepdefinition.Testrunner@149c3204]" started-at="2022-04-18T10:04:55Z" name="runScenario" description="Runs Cucumber Scenarios" data-provider="scenarios" finished-at="2022-04-18T10:05:15Z" duration-ms="19851" status="PASS">
          <params>
            <param index="0">
              <value>
                <![CDATA["Check login is successful or not"]]>
              </value>
            </param>
            <param index="1">
              <value>
                <![CDATA["Test login functionality"]]>
              </value>
            </param>
          </params>
          <reporter-output>
          </reporter-output>
        </test-method> <!-- runScenario -->
        <test-method signature="runScenario(io.cucumber.testng.PickleWrapper, io.cucumber.testng.FeatureWrapper)[pri:0, instance:Stepdefinition.Testrunner@149c3204]" started-at="2022-04-18T10:05:15Z" name="runScenario" description="Runs Cucumber Scenarios" data-provider="scenarios" finished-at="2022-04-18T10:05:22Z" duration-ms="7565" status="PASS">
          <params>
            <param index="0">
              <value>
                <![CDATA["Verification of the URL"]]>
              </value>
            </param>
            <param index="1">
              <value>
                <![CDATA["feature to test opening the browser functionality"]]>
              </value>
            </param>
          </params>
          <reporter-output>
          </reporter-output>
        </test-method> <!-- runScenario -->
        <test-method is-config="true" signature="tearDownClass()[pri:0, instance:Stepdefinition.Testrunner@149c3204]" started-at="2022-04-18T10:05:22Z" name="tearDownClass" finished-at="2022-04-18T10:05:22Z" duration-ms="114" status="PASS">
          <reporter-output>
          </reporter-output>
        </test-method> <!-- tearDownClass -->
      </class> <!-- Stepdefinition.Testrunner -->
    </test> <!-- Default test -->
  </suite> <!-- Default suite -->
</testng-results>
